#
# There is insufficient memory for the Java Runtime Environment to continue.
# Native memory allocation (malloc) failed to allocate 809856 bytes for Chunk::new
# Possible reasons:
#   The system is out of physical RAM or swap space
#   In 32 bit mode, the process size limit was hit
# Possible solutions:
#   Reduce memory load on the system
#   Increase physical memory or swap space
#   Check if swap backing store is full
#   Use 64 bit Java on a 64 bit OS
#   Decrease Java heap size (-Xmx/-Xms)
#   Decrease number of Java threads
#   Decrease Java thread stack sizes (-Xss)
#   Set larger code cache with -XX:ReservedCodeCacheSize=
# This output file may be truncated or incomplete.
#
#  Out of Memory Error (allocation.cpp:390), pid=15400, tid=0x0000000000003bf8
#
# JRE version: OpenJDK Runtime Environment (8.0_152-b01) (build 1.8.0_152-release-1248-b01)
# Java VM: OpenJDK 64-Bit Server VM (25.152-b01 mixed mode windows-amd64 compressed oops)
# Failed to write core dump. Minidumps are not enabled by default on client versions of Windows
#

---------------  T H R E A D  ---------------

Current thread (0x0000000016447800):  JavaThread "C2 CompilerThread0" daemon [_thread_in_native, id=15352, stack(0x0000000017ac0000,0x0000000017bc0000)]

Stack: [0x0000000017ac0000,0x0000000017bc0000]
[error occurred during error reporting (printing stack bounds), id 0xc0000005]

Native frames: (J=compiled Java code, j=interpreted, Vv=VM code, C=native code)


Current CompileTask:
C2: 308600 18112 %     4       com.android.tools.r8.ir.regalloc.LinearScanRegisterAllocator::computeLiveRanges @ 9 (963 bytes)


---------------  P R O C E S S  ---------------

Java Threads: ( => current thread )
  0x0000000019b76800 JavaThread "ForkJoinPool.commonPool-worker-3" daemon [_thread_blocked, id=10840, stack(0x0000000029270000,0x0000000029370000)]
  0x0000000019b76000 JavaThread "ForkJoinPool.commonPool-worker-2" daemon [_thread_in_vm, id=6684, stack(0x0000000029170000,0x0000000029270000)]
  0x000000001c314800 JavaThread "ForkJoinPool.commonPool-worker-1" daemon [_thread_blocked, id=14720, stack(0x0000000028f70000,0x0000000029070000)]
  0x000000001c311800 JavaThread "stdout" [_thread_in_native, id=6644, stack(0x0000000028e70000,0x0000000028f70000)]
  0x000000001c30f000 JavaThread "stderr" [_thread_in_native, id=5900, stack(0x0000000028d70000,0x0000000028e70000)]
  0x000000001c306800 JavaThread "pool-17-thread-1" [_thread_blocked, id=8020, stack(0x0000000028c70000,0x0000000028d70000)]
  0x000000001c30c000 JavaThread "Cache worker for Build Output Cleanup Cache (C:\Users\DeLL\Downloads\GoodDocter001\GoodDocter3.3\.gradle\buildOutputCleanup)" [_thread_blocked, id=14676, stack(0x0000000028b70000,0x0000000028c70000)]
  0x000000001c30b800 JavaThread "Cache worker for task history cache (C:\Users\DeLL\Downloads\GoodDocter001\GoodDocter3.3\.gradle\4.10.1\taskHistory)" [_thread_blocked, id=9836, stack(0x0000000028a70000,0x0000000028b70000)]
  0x000000001c308800 JavaThread "Task worker for ':' Thread 3" [_thread_blocked, id=11364, stack(0x0000000028970000,0x0000000028a70000)]
  0x000000001c307800 JavaThread "Task worker for ':' Thread 2" [_thread_blocked, id=200, stack(0x0000000028870000,0x0000000028970000)]
  0x000000001c30a800 JavaThread "Task worker for ':'" [_thread_blocked, id=5800, stack(0x0000000028770000,0x0000000028870000)]
  0x000000001b923000 JavaThread "Cache worker for file content cache (C:\Users\DeLL\Downloads\GoodDocter001\GoodDocter3.3\.gradle\4.10.1\fileContent)" [_thread_blocked, id=11212, stack(0x0000000028670000,0x0000000028770000)]
  0x000000001b924000 JavaThread "pool-16-thread-1" [_thread_blocked, id=4792, stack(0x0000000028570000,0x0000000028670000)]
  0x000000001b928800 JavaThread "Build operations Thread 4" [_thread_blocked, id=16216, stack(0x0000000028470000,0x0000000028570000)]
  0x000000001b927800 JavaThread "Build operations Thread 3" [_thread_blocked, id=5416, stack(0x0000000028370000,0x0000000028470000)]
  0x000000001b926000 JavaThread "Build operations Thread 2" [_thread_blocked, id=14372, stack(0x0000000028270000,0x0000000028370000)]
  0x000000001b927000 JavaThread "Build operations" [_thread_blocked, id=11132, stack(0x0000000028170000,0x0000000028270000)]
  0x000000001b925800 JavaThread "Cache worker for cache directory md-rule (C:\Users\DeLL\.gradle\caches\4.10.1\md-rule)" [_thread_blocked, id=11520, stack(0x0000000028070000,0x0000000028170000)]
  0x000000001b91b800 JavaThread "Cache worker for cache directory md-supplier (C:\Users\DeLL\.gradle\caches\4.10.1\md-supplier)" [_thread_blocked, id=11472, stack(0x0000000027f70000,0x0000000028070000)]
  0x000000001b91e800 JavaThread "Cache worker for file hash cache (C:\Users\DeLL\Downloads\GoodDocter001\GoodDocter3.3\.gradle\4.10.1\fileHashes)" [_thread_blocked, id=11648, stack(0x0000000027e70000,0x0000000027f70000)]
  0x000000001b922800 JavaThread "Stdin handler" [_thread_blocked, id=14040, stack(0x0000000027d70000,0x0000000027e70000)]
  0x000000001b921800 JavaThread "Asynchronous log dispatcher for DefaultDaemonConnection: socket connection from /127.0.0.1:60276 to /127.0.0.1:60423" [_thread_blocked, id=8284, stack(0x0000000027c70000,0x0000000027d70000)]
  0x000000001b921000 JavaThread "Daemon worker Thread 2" [_thread_blocked, id=4728, stack(0x0000000027b70000,0x0000000027c70000)]
  0x000000001b91e000 JavaThread "Cancel handler" [_thread_blocked, id=2796, stack(0x0000000027a70000,0x0000000027b70000)]
  0x000000001b91d000 JavaThread "Handler for socket connection from /127.0.0.1:60276 to /127.0.0.1:60423" [_thread_in_native, id=5400, stack(0x0000000027970000,0x0000000027a70000)]
  0x000000001b91c800 JavaThread "Daemon Thread 2" [_thread_blocked, id=7912, stack(0x0000000027870000,0x0000000027970000)]
  0x000000001c310000 JavaThread "Cache worker for Java compile cache (C:\Users\DeLL\.gradle\caches\4.10.1\javaCompile)" [_thread_blocked, id=2720, stack(0x0000000023480000,0x0000000023580000)]
  0x000000001ba13800 JavaThread "Cache worker for file content cache (C:\Users\DeLL\.gradle\caches\4.10.1\fileContent)" [_thread_blocked, id=16192, stack(0x0000000022280000,0x0000000022380000)]
  0x000000001ba12800 JavaThread "Memory manager" [_thread_blocked, id=15288, stack(0x0000000022180000,0x0000000022280000)]
  0x0000000019b70000 JavaThread "Cache worker for Artifact transforms cache (C:\Users\DeLL\.gradle\caches\transforms-1)" [_thread_blocked, id=7224, stack(0x00000000201e0000,0x00000000202e0000)]
  0x0000000019b72000 JavaThread "Cache worker for journal cache (C:\Users\DeLL\.gradle\caches\journal-1)" [_thread_blocked, id=11588, stack(0x000000001d0b0000,0x000000001d1b0000)]
  0x000000001942c000 JavaThread "File lock request listener" [_thread_in_native, id=8356, stack(0x000000001bee0000,0x000000001bfe0000)]
  0x00000000192af800 JavaThread "Cache worker for file hash cache (C:\Users\DeLL\.gradle\caches\4.10.1\fileHashes)" [_thread_blocked, id=8124, stack(0x000000001bde0000,0x000000001bee0000)]
  0x000000001872b000 JavaThread "Daemon periodic checks" [_thread_blocked, id=5756, stack(0x000000001a310000,0x000000001a410000)]
  0x000000001910b800 JavaThread "Incoming local TCP Connector on port 60276" [_thread_in_native, id=7720, stack(0x000000001a0d0000,0x000000001a1d0000)]
  0x0000000017de0800 JavaThread "Service Thread" daemon [_thread_blocked, id=10332, stack(0x00000000181c0000,0x00000000182c0000)]
  0x0000000016457000 JavaThread "C1 CompilerThread2" daemon [_thread_blocked, id=14184, stack(0x0000000017cc0000,0x0000000017dc0000)]
  0x000000001644b800 JavaThread "C2 CompilerThread1" daemon [_thread_in_native, id=9016, stack(0x0000000017bc0000,0x0000000017cc0000)]
=>0x0000000016447800 JavaThread "C2 CompilerThread0" daemon [_thread_in_native, id=15352, stack(0x0000000017ac0000,0x0000000017bc0000)]
  0x0000000016455800 JavaThread "Attach Listener" daemon [_thread_blocked, id=11964, stack(0x00000000179c0000,0x0000000017ac0000)]
  0x0000000016454000 JavaThread "Signal Dispatcher" daemon [_thread_blocked, id=1332, stack(0x00000000178c0000,0x00000000179c0000)]
  0x0000000002adb000 JavaThread "Finalizer" daemon [_thread_blocked, id=14560, stack(0x00000000176c0000,0x00000000177c0000)]
  0x0000000002ad0000 JavaThread "Reference Handler" daemon [_thread_blocked, id=11192, stack(0x00000000175c0000,0x00000000176c0000)]
  0x00000000010ad800 JavaThread "main" [_thread_blocked, id=7524, stack(0x00000000028e0000,0x00000000029e0000)]

Other Threads:
  0x0000000016416800 VMThread [stack: 0x00000000174c0000,0x00000000175c0000] [id=11652]
  0x00000000164ad800 WatcherThread [stack: 0x00000000182c0000,0x00000000183c0000] [id=4464]

VM state:not at safepoint (normal execution)

VM Mutex/Monitor currently owned by a thread: None

Heap:
 PSYoungGen      total 421376K, used 271975K [0x00000000e0000000, 0x00000000ffd00000, 0x0000000100000000)
  eden space 416768K, 64% used [0x00000000e0000000,0x00000000f0578758,0x00000000f9700000)
  from space 4608K, 91% used [0x00000000f9700000,0x00000000f9b216d0,0x00000000f9b80000)
  to   space 52224K, 0% used [0x00000000fca00000,0x00000000fca00000,0x00000000ffd00000)
 ParOldGen       total 203776K, used 66804K [0x00000000a0000000, 0x00000000ac700000, 0x00000000e0000000)
  object space 203776K, 32% used [0x00000000a0000000,0x00000000a413d310,0x00000000ac700000)
 Metaspace       used 88625K, capacity 92078K, committed 92288K, reserved 1130496K
  class space    used 11326K, capacity 12047K, committed 12160K, reserved 1048576K

Card table byte_map: [0x0000000011ea0000,0x00000000121b0000] byte_map_base: 0x00000000119a0000

Marking Bits: (ParMarkBitMap*) 0x0000000058f65aa0
 Begin Bits: [0x00000000127b0000, 0x0000000013fb0000)
 End Bits:   [0x0000000013fb0000, 0x00000000157b0000)

Polling page: 0x0000000001060000

CodeCache: size=245760Kb used=50953Kb max_used=50954Kb free=194807Kb
 bounds [0x0000000002ae0000, 0x0000000005cf0000, 0x0000000011ae0000]
 total_blobs=15489 nmethods=14600 adapters=800
 compilation: enabled

Compilation events (10 events):
Event: 308.440 Thread 0x0000000016457000 18120       3       com.android.tools.r8.graph.DexDebugEventBuilder::updateBlockEntry (94 bytes)
Event: 308.441 Thread 0x0000000016457000 nmethod 18120 0x0000000005cd1b90 code [0x0000000005cd1d80, 0x0000000005cd23f8]
Event: 308.442 Thread 0x0000000016457000 18122       3       com.android.tools.r8.code.Format23x::hashCode (29 bytes)
Event: 308.443 Thread 0x0000000016457000 nmethod 18122 0x0000000005c9cd10 code [0x0000000005c9ce80, 0x0000000005c9d168]
Event: 308.444 Thread 0x0000000016457000 18123       3       com.android.tools.r8.ir.code.Return::createDexInstruction (184 bytes)
Event: 308.446 Thread 0x0000000016457000 nmethod 18123 0x0000000005cd0390 code [0x0000000005cd0600, 0x0000000005cd1418]
Event: 308.515 Thread 0x0000000016457000 18125       3       com.android.tools.r8.it.unimi.dsi.fastutil.objects.Object2ObjectLinkedOpenCustomHashMap$MapIterator::hasNext (14 bytes)
Event: 308.516 Thread 0x0000000016457000 nmethod 18125 0x0000000005c9c990 code [0x0000000005c9cae0, 0x0000000005c9cc90]
Event: 308.519 Thread 0x0000000016457000 18126       3       com.android.tools.r8.ir.regalloc.LiveIntervals::requiredRegisters (8 bytes)
Event: 308.519 Thread 0x0000000016457000 nmethod 18126 0x0000000005ccfb50 code [0x0000000005ccfce0, 0x0000000005cd0230]

GC Heap History (10 events):
Event: 81.607 GC heap before
{Heap before GC invocations=24 (full 4):
 PSYoungGen      total 403456K, used 27127K [0x00000000e0000000, 0x00000000fda80000, 0x0000000100000000)
  eden space 376320K, 0% used [0x00000000e0000000,0x00000000e0000000,0x00000000f6f80000)
  from space 27136K, 99% used [0x00000000f9e00000,0x00000000fb87dee0,0x00000000fb880000)
  to   space 47616K, 0% used [0x00000000f6f80000,0x00000000f6f80000,0x00000000f9e00000)
 ParOldGen       total 106496K, used 96992K [0x00000000a0000000, 0x00000000a6800000, 0x00000000e0000000)
  object space 106496K, 91% used [0x00000000a0000000,0x00000000a5eb8200,0x00000000a6800000)
 Metaspace       used 83198K, capacity 86502K, committed 86656K, reserved 1124352K
  class space    used 10849K, capacity 11521K, committed 11648K, reserved 1048576K
Event: 82.223 GC heap after
Heap after GC invocations=24 (full 4):
 PSYoungGen      total 403456K, used 14681K [0x00000000e0000000, 0x00000000fda80000, 0x0000000100000000)
  eden space 376320K, 0% used [0x00000000e0000000,0x00000000e0000000,0x00000000f6f80000)
  from space 27136K, 54% used [0x00000000f9e00000,0x00000000fac56738,0x00000000fb880000)
  to   space 47616K, 0% used [0x00000000f6f80000,0x00000000f6f80000,0x00000000f9e00000)
 ParOldGen       total 211456K, used 106283K [0x00000000a0000000, 0x00000000ace80000, 0x00000000e0000000)
  object space 211456K, 50% used [0x00000000a0000000,0x00000000a67cada0,0x00000000ace80000)
 Metaspace       used 83005K, capacity 85968K, committed 86656K, reserved 1124352K
  class space    used 10784K, capacity 11408K, committed 11648K, reserved 1048576K
}
Event: 85.254 GC heap before
{Heap before GC invocations=25 (full 4):
 PSYoungGen      total 403456K, used 390780K [0x00000000e0000000, 0x00000000fda80000, 0x0000000100000000)
  eden space 376320K, 99% used [0x00000000e0000000,0x00000000f6f48ca8,0x00000000f6f80000)
  from space 27136K, 54% used [0x00000000f9e00000,0x00000000fac56738,0x00000000fb880000)
  to   space 47616K, 0% used [0x00000000f6f80000,0x00000000f6f80000,0x00000000f9e00000)
 ParOldGen       total 211456K, used 106283K [0x00000000a0000000, 0x00000000ace80000, 0x00000000e0000000)
  object space 211456K, 50% used [0x00000000a0000000,0x00000000a67cada0,0x00000000ace80000)
 Metaspace       used 83024K, capacity 86050K, committed 86912K, reserved 1124352K
  class space    used 10786K, capacity 11413K, committed 11648K, reserved 1048576K
Event: 85.304 GC heap after
Heap after GC invocations=25 (full 4):
 PSYoungGen      total 423936K, used 43597K [0x00000000e0000000, 0x0000000100000000, 0x0000000100000000)
  eden space 376320K, 0% used [0x00000000e0000000,0x00000000e0000000,0x00000000f6f80000)
  from space 47616K, 91% used [0x00000000f6f80000,0x00000000f9a135e8,0x00000000f9e00000)
  to   space 54272K, 0% used [0x00000000fcb00000,0x00000000fcb00000,0x0000000100000000)
 ParOldGen       total 211456K, used 141893K [0x00000000a0000000, 0x00000000ace80000, 0x00000000e0000000)
  object space 211456K, 67% used [0x00000000a0000000,0x00000000a8a91658,0x00000000ace80000)
 Metaspace       used 83024K, capacity 86050K, committed 86912K, reserved 1124352K
  class space    used 10786K, capacity 11413K, committed 11648K, reserved 1048576K
}
Event: 259.977 GC heap before
{Heap before GC invocations=26 (full 4):
 PSYoungGen      total 423936K, used 419917K [0x00000000e0000000, 0x0000000100000000, 0x0000000100000000)
  eden space 376320K, 100% used [0x00000000e0000000,0x00000000f6f80000,0x00000000f6f80000)
  from space 47616K, 91% used [0x00000000f6f80000,0x00000000f9a135e8,0x00000000f9e00000)
  to   space 54272K, 0% used [0x00000000fcb00000,0x00000000fcb00000,0x0000000100000000)
 ParOldGen       total 211456K, used 141893K [0x00000000a0000000, 0x00000000ace80000, 0x00000000e0000000)
  object space 211456K, 67% used [0x00000000a0000000,0x00000000a8a91658,0x00000000ace80000)
 Metaspace       used 87869K, capacity 91232K, committed 91520K, reserved 1128448K
  class space    used 11308K, capacity 12028K, committed 12160K, reserved 1048576K
Event: 260.051 GC heap after
Heap after GC invocations=26 (full 4):
 PSYoungGen      total 471040K, used 6296K [0x00000000e0000000, 0x0000000100000000, 0x0000000100000000)
  eden space 416768K, 0% used [0x00000000e0000000,0x00000000e0000000,0x00000000f9700000)
  from space 54272K, 11% used [0x00000000fcb00000,0x00000000fd126358,0x0000000100000000)
  to   space 53248K, 0% used [0x00000000f9700000,0x00000000f9700000,0x00000000fcb00000)
 ParOldGen       total 211456K, used 185077K [0x00000000a0000000, 0x00000000ace80000, 0x00000000e0000000)
  object space 211456K, 87% used [0x00000000a0000000,0x00000000ab4bd4e0,0x00000000ace80000)
 Metaspace       used 87869K, capacity 91232K, committed 91520K, reserved 1128448K
  class space    used 11308K, capacity 12028K, committed 12160K, reserved 1048576K
}
Event: 260.051 GC heap before
{Heap before GC invocations=27 (full 5):
 PSYoungGen      total 471040K, used 6296K [0x00000000e0000000, 0x0000000100000000, 0x0000000100000000)
  eden space 416768K, 0% used [0x00000000e0000000,0x00000000e0000000,0x00000000f9700000)
  from space 54272K, 11% used [0x00000000fcb00000,0x00000000fd126358,0x0000000100000000)
  to   space 53248K, 0% used [0x00000000f9700000,0x00000000f9700000,0x00000000fcb00000)
 ParOldGen       total 211456K, used 185077K [0x00000000a0000000, 0x00000000ace80000, 0x00000000e0000000)
  object space 211456K, 87% used [0x00000000a0000000,0x00000000ab4bd4e0,0x00000000ace80000)
 Metaspace       used 87869K, capacity 91232K, committed 91520K, reserved 1128448K
  class space    used 11308K, capacity 12028K, committed 12160K, reserved 1048576K
Event: 260.336 GC heap after
Heap after GC invocations=27 (full 5):
 PSYoungGen      total 471040K, used 0K [0x00000000e0000000, 0x0000000100000000, 0x0000000100000000)
  eden space 416768K, 0% used [0x00000000e0000000,0x00000000e0000000,0x00000000f9700000)
  from space 54272K, 0% used [0x00000000fcb00000,0x00000000fcb00000,0x0000000100000000)
  to   space 53248K, 0% used [0x00000000f9700000,0x00000000f9700000,0x00000000fcb00000)
 ParOldGen       total 203776K, used 66796K [0x00000000a0000000, 0x00000000ac700000, 0x00000000e0000000)
  object space 203776K, 32% used [0x00000000a0000000,0x00000000a413b310,0x00000000ac700000)
 Metaspace       used 87869K, capacity 91232K, committed 91520K, reserved 1128448K
  class space    used 11308K, capacity 12028K, committed 12160K, reserved 1048576K
}
Event: 269.349 GC heap before
{Heap before GC invocations=28 (full 5):
 PSYoungGen      total 471040K, used 416102K [0x00000000e0000000, 0x0000000100000000, 0x0000000100000000)
  eden space 416768K, 99% used [0x00000000e0000000,0x00000000f9659a30,0x00000000f9700000)
  from space 54272K, 0% used [0x00000000fcb00000,0x00000000fcb00000,0x0000000100000000)
  to   space 53248K, 0% used [0x00000000f9700000,0x00000000f9700000,0x00000000fcb00000)
 ParOldGen       total 203776K, used 66796K [0x00000000a0000000, 0x00000000ac700000, 0x00000000e0000000)
  object space 203776K, 32% used [0x00000000a0000000,0x00000000a413b310,0x00000000ac700000)
 Metaspace       used 88270K, capacity 91700K, committed 92032K, reserved 1128448K
  class space    used 11321K, capacity 12040K, committed 12160K, reserved 1048576K
Event: 269.392 GC heap after
Heap after GC invocations=28 (full 5):
 PSYoungGen      total 421376K, used 4229K [0x00000000e0000000, 0x00000000ffd00000, 0x0000000100000000)
  eden space 416768K, 0% used [0x00000000e0000000,0x00000000e0000000,0x00000000f9700000)
  from space 4608K, 91% used [0x00000000f9700000,0x00000000f9b216d0,0x00000000f9b80000)
  to   space 52224K, 0% used [0x00000000fca00000,0x00000000fca00000,0x00000000ffd00000)
 ParOldGen       total 203776K, used 66804K [0x00000000a0000000, 0x00000000ac700000, 0x00000000e0000000)
  object space 203776K, 32% used [0x00000000a0000000,0x00000000a413d310,0x00000000ac700000)
 Metaspace       used 88270K, capacity 91700K, committed 92032K, reserved 1128448K
  class space    used 11321K, capacity 12040K, committed 12160K, reserved 1048576K
}

Deoptimization events (10 events):
Event: 293.038 Thread 0x000000001c308800 Uncommon trap: reason=speculate_class_check action=maybe_recompile pc=0x00000000050b01d8 method=java.lang.StringCoding.encode(Ljava/nio/charset/Charset;[CII)[B @ 91
Event: 295.862 Thread 0x0000000019b76000 Uncommon trap: reason=unstable_if action=reinterpret pc=0x00000000053b67e8 method=com.android.tools.r8.ir.regalloc.LinearScanRegisterAllocator.setHintToPromote2AddrInstruction(Lcom/android/tools/r8/ir/regalloc/LiveIntervals;)V @ 17
Event: 295.865 Thread 0x0000000019b76000 Uncommon trap: reason=speculate_class_check action=maybe_recompile pc=0x00000000059d56f0 method=com.android.tools.r8.ir.optimize.CodeRewriter$CSEExpressionEquivalence.doHash(Lcom/android/tools/r8/ir/code/Instruction;)I @ 12
Event: 295.865 Thread 0x0000000019b76000 Uncommon trap: reason=speculate_class_check action=maybe_recompile pc=0x00000000059d56f0 method=com.android.tools.r8.ir.optimize.CodeRewriter$CSEExpressionEquivalence.doHash(Lcom/android/tools/r8/ir/code/Instruction;)I @ 12
Event: 295.865 Thread 0x0000000019b76000 Uncommon trap: reason=speculate_class_check action=maybe_recompile pc=0x00000000059d56f0 method=com.android.tools.r8.ir.optimize.CodeRewriter$CSEExpressionEquivalence.doHash(Lcom/android/tools/r8/ir/code/Instruction;)I @ 12
Event: 295.865 Thread 0x0000000019b76000 Uncommon trap: reason=speculate_class_check action=maybe_recompile pc=0x00000000059d56f0 method=com.android.tools.r8.ir.optimize.CodeRewriter$CSEExpressionEquivalence.doHash(Lcom/android/tools/r8/ir/code/Instruction;)I @ 12
Event: 295.865 Thread 0x0000000019b76000 Uncommon trap: reason=unstable_if action=reinterpret pc=0x00000000059f8278 method=com.android.tools.r8.ir.code.Value.isDead(Lcom/android/tools/r8/utils/InternalOptions;Ljava/util/Set;)Z @ 54
Event: 295.867 Thread 0x0000000019b76000 Uncommon trap: reason=unstable_if action=reinterpret pc=0x0000000004c3f69c method=com.android.tools.r8.ir.regalloc.LinearScanRegisterAllocator.handleWorkaround(Ljava/util/function/Predicate;Ljava/util/function/BiPredicate;ILcom/android/tools/r8/ir/regallo
Event: 298.640 Thread 0x0000000019b76000 Uncommon trap: reason=unstable_if action=reinterpret pc=0x0000000005acc00c method=com.android.tools.r8.graph.DexDebugEventBuilder.emitDebugPosition(ILcom/android/tools/r8/ir/code/Position;)V @ 61
Event: 308.518 Thread 0x0000000019b76000 Uncommon trap: reason=unstable_if action=reinterpret pc=0x0000000004faca68 method=com.android.tools.r8.ir.code.ValueType.isWide()Z @ 11

Classes redefined (0 events):
No events

Internal exceptions (10 events):
Event: 86.791 Thread 0x0000000018669800 Exception <a 'java/lang/NoSuchMethodError': <clinit>> (0x00000000f0df3e98) thrown at [D:\src\AOSP-openjdk-cygwin\jdk8u\hotspot\src\share\vm\prims\jni.cpp, line 1613]
Event: 86.794 Thread 0x0000000018669800 Exception <a 'java/lang/NoSuchMethodError': <clinit>> (0x00000000f0e0d530) thrown at [D:\src\AOSP-openjdk-cygwin\jdk8u\hotspot\src\share\vm\prims\jni.cpp, line 1613]
Event: 86.795 Thread 0x0000000018669800 Exception <a 'java/lang/NoSuchMethodError': <clinit>> (0x00000000f0e1d940) thrown at [D:\src\AOSP-openjdk-cygwin\jdk8u\hotspot\src\share\vm\prims\jni.cpp, line 1613]
Event: 86.796 Thread 0x0000000018669800 Exception <a 'java/lang/NoSuchMethodError': <clinit>> (0x00000000f0e235f8) thrown at [D:\src\AOSP-openjdk-cygwin\jdk8u\hotspot\src\share\vm\prims\jni.cpp, line 1613]
Event: 258.090 Thread 0x000000001b921000 Exception <a 'java/lang/ClassNotFoundException': sync_local_repo4324_3pwu3ftz8xvbk7ppi1lyhae22BeanInfo> (0x00000000f250b8b8) thrown at [D:\src\AOSP-openjdk-cygwin\jdk8u\hotspot\src\share\vm\classfile\systemDictionary.cpp, line 210]
Event: 258.091 Thread 0x000000001b921000 Exception <a 'java/lang/ClassNotFoundException': sync_local_repo4324_3pwu3ftz8xvbk7ppi1lyhae22Customizer> (0x00000000f25182a0) thrown at [D:\src\AOSP-openjdk-cygwin\jdk8u\hotspot\src\share\vm\classfile\systemDictionary.cpp, line 210]
Event: 259.957 Thread 0x000000001b921000 Exception <a 'sun/nio/fs/WindowsException'> (0x00000000f6f15fd0) thrown at [D:\src\AOSP-openjdk-cygwin\jdk8u\hotspot\src\share\vm\prims\jni.cpp, line 709]
Event: 259.967 Thread 0x000000001b921000 Exception <a 'sun/nio/fs/WindowsException'> (0x00000000f6f226b0) thrown at [D:\src\AOSP-openjdk-cygwin\jdk8u\hotspot\src\share\vm\prims\jni.cpp, line 709]
Event: 268.101 Thread 0x000000001c308800 Exception <a 'sun/nio/fs/WindowsException'> (0x00000000e0d7d8e8) thrown at [D:\src\AOSP-openjdk-cygwin\jdk8u\hotspot\src\share\vm\prims\jni.cpp, line 709]
Event: 294.194 Thread 0x0000000019b76000 Exception <a 'sun/nio/fs/WindowsException'> (0x00000000e6cca388) thrown at [D:\src\AOSP-openjdk-cygwin\jdk8u\hotspot\src\share\vm\prims\jni.cpp, line 709]

Events (10 events):
Event: 306.829 Thread 0x0000000019b76000 DEOPT UNPACKING pc=0x0000000002b275d0 sp=0x000000002926e250 mode 0
Event: 306.831 Thread 0x0000000019b76000 DEOPT PACKING pc=0x000000000516f418 sp=0x000000002926e490
Event: 306.831 Thread 0x0000000019b76000 DEOPT UNPACKING pc=0x0000000002b275d0 sp=0x000000002926e260 mode 0
Event: 307.272 Thread 0x0000000019b76000 DEOPT PACKING pc=0x0000000003f9e746 sp=0x000000002926e4a0
Event: 307.272 Thread 0x0000000019b76000 DEOPT UNPACKING pc=0x0000000002b275d0 sp=0x000000002926e1b0 mode 0
Event: 308.146 Thread 0x0000000019b76000 DEOPT PACKING pc=0x0000000005310db3 sp=0x000000002926e260
Event: 308.146 Thread 0x0000000019b76000 DEOPT UNPACKING pc=0x0000000002b275d0 sp=0x000000002926e090 mode 0
Event: 308.518 Thread 0x0000000019b76000 Uncommon trap: trap_request=0xffffff65 fr.pc=0x0000000004faca68
Event: 308.518 Thread 0x0000000019b76000 DEOPT PACKING pc=0x0000000004faca68 sp=0x000000002926e2e0
Event: 308.518 Thread 0x0000000019b76000 DEOPT UNPACKING pc=0x0000000002b2557b sp=0x000000002926e1c8 mode 2


Dynamic libraries:
0x00007ff61d940000 - 0x00007ff61d971000 	C:\Program Files\Android\Android Studio\jre\bin\java.exe
0x00007ffc8ddc0000 - 0x00007ffc8dfad000 	C:\Windows\SYSTEM32\ntdll.dll
0x00007ffc8dc60000 - 0x00007ffc8dd13000 	C:\Windows\System32\KERNEL32.DLL
0x00007ffc8ac00000 - 0x00007ffc8ae93000 	C:\Windows\System32\KERNELBASE.dll
0x00007ffc8b790000 - 0x00007ffc8b833000 	C:\Windows\System32\ADVAPI32.dll
0x00007ffc8b6f0000 - 0x00007ffc8b78e000 	C:\Windows\System32\msvcrt.dll
0x00007ffc8ba40000 - 0x00007ffc8bade000 	C:\Windows\System32\sechost.dll
0x00007ffc8d140000 - 0x00007ffc8d262000 	C:\Windows\System32\RPCRT4.dll
0x00007ffc8b840000 - 0x00007ffc8b9d7000 	C:\Windows\System32\USER32.dll
0x00007ffc8a090000 - 0x00007ffc8a0b0000 	C:\Windows\System32\win32u.dll
0x00007ffc8d460000 - 0x00007ffc8d489000 	C:\Windows\System32\GDI32.dll
0x00007ffc8a800000 - 0x00007ffc8a99a000 	C:\Windows\System32\gdi32full.dll
0x00007ffc8aa80000 - 0x00007ffc8ab20000 	C:\Windows\System32\msvcp_win.dll
0x00007ffc8aef0000 - 0x00007ffc8afea000 	C:\Windows\System32\ucrtbase.dll
0x00007ffc7ec70000 - 0x00007ffc7eee9000 	C:\Windows\WinSxS\amd64_microsoft.windows.common-controls_6595b64144ccf1df_6.0.17763.379_none_05b83be8071c94a1\COMCTL32.dll
0x00007ffc8d690000 - 0x00007ffc8d9bd000 	C:\Windows\System32\combase.dll
0x00007ffc8ab20000 - 0x00007ffc8ab9e000 	C:\Windows\System32\bcryptPrimitives.dll
0x00007ffc8bae0000 - 0x00007ffc8bb0e000 	C:\Windows\System32\IMM32.DLL
0x0000000058090000 - 0x0000000058162000 	C:\Program Files\Android\Android Studio\jre\jre\bin\msvcr100.dll
0x00000000587a0000 - 0x0000000058fe1000 	C:\Program Files\Android\Android Studio\jre\jre\bin\server\jvm.dll
0x00007ffc8d060000 - 0x00007ffc8d068000 	C:\Windows\System32\PSAPI.DLL
0x00007ffc86b70000 - 0x00007ffc86b79000 	C:\Windows\SYSTEM32\WSOCK32.dll
0x00007ffc7f8e0000 - 0x00007ffc7f904000 	C:\Windows\SYSTEM32\WINMM.dll
0x00007ffc8dd20000 - 0x00007ffc8dd8d000 	C:\Windows\System32\WS2_32.dll
0x00007ffc7ef00000 - 0x00007ffc7ef0a000 	C:\Windows\SYSTEM32\VERSION.dll
0x00007ffc7f8b0000 - 0x00007ffc7f8dd000 	C:\Windows\SYSTEM32\WINMMBASE.dll
0x00007ffc8aea0000 - 0x00007ffc8aeea000 	C:\Windows\System32\cfgmgr32.dll
0x00007ffc7ef10000 - 0x00007ffc7ef1f000 	C:\Program Files\Android\Android Studio\jre\jre\bin\verify.dll
0x00007ffc6bcb0000 - 0x00007ffc6bcd9000 	C:\Program Files\Android\Android Studio\jre\jre\bin\java.dll
0x00007ffc69a90000 - 0x00007ffc69aa6000 	C:\Program Files\Android\Android Studio\jre\jre\bin\zip.dll
0x00007ffc8bb10000 - 0x00007ffc8d000000 	C:\Windows\System32\SHELL32.dll
0x00007ffc8aff0000 - 0x00007ffc8b098000 	C:\Windows\System32\shcore.dll
0x00007ffc8a0b0000 - 0x00007ffc8a7fa000 	C:\Windows\System32\windows.storage.dll
0x00007ffc89e60000 - 0x00007ffc89e84000 	C:\Windows\System32\profapi.dll
0x00007ffc89dc0000 - 0x00007ffc89e1d000 	C:\Windows\System32\powrprof.dll
0x00007ffc8d000000 - 0x00007ffc8d052000 	C:\Windows\System32\shlwapi.dll
0x00007ffc89e20000 - 0x00007ffc89e31000 	C:\Windows\System32\kernel.appcore.dll
0x00007ffc8a070000 - 0x00007ffc8a087000 	C:\Windows\System32\cryptsp.dll
0x00007ffc806d0000 - 0x00007ffc806ea000 	C:\Program Files\Android\Android Studio\jre\jre\bin\net.dll
0x00007ffc89640000 - 0x00007ffc896a7000 	C:\Windows\system32\mswsock.dll
0x00007ffc806b0000 - 0x00007ffc806c1000 	C:\Program Files\Android\Android Studio\jre\jre\bin\nio.dll
0x00007ffc7f6e0000 - 0x00007ffc7f6fe000 	C:\Users\DeLL\.gradle\native\25\windows-amd64\native-platform.dll
0x00007ffc83300000 - 0x00007ffc8330d000 	C:\Program Files\Android\Android Studio\jre\jre\bin\management.dll
0x00007ffc89200000 - 0x00007ffc89233000 	C:\Windows\system32\rsaenh.dll
0x00007ffc8a9a0000 - 0x00007ffc8a9c6000 	C:\Windows\System32\bcrypt.dll
0x00007ffc89cf0000 - 0x00007ffc89d18000 	C:\Windows\SYSTEM32\USERENV.dll
0x00007ffc89810000 - 0x00007ffc8981c000 	C:\Windows\SYSTEM32\CRYPTBASE.dll
0x00007ffc893a0000 - 0x00007ffc893dd000 	C:\Windows\SYSTEM32\IPHLPAPI.DLL
0x00007ffc8d490000 - 0x00007ffc8d498000 	C:\Windows\System32\NSI.dll
0x00007ffc80270000 - 0x00007ffc80286000 	C:\Windows\SYSTEM32\dhcpcsvc6.DLL
0x00007ffc803f0000 - 0x00007ffc8040c000 	C:\Windows\SYSTEM32\dhcpcsvc.DLL
0x00007ffc893e0000 - 0x00007ffc894a6000 	C:\Windows\SYSTEM32\DNSAPI.dll

VM Arguments:
jvm_args: -Xmx1536m -Dfile.encoding=windows-1252 -Duser.country=US -Duser.language=en -Duser.variant 
java_command: org.gradle.launcher.daemon.bootstrap.GradleDaemon 4.10.1
java_class_path (initial): C:\Users\DeLL\.gradle\wrapper\dists\gradle-4.10.1-all\455itskqi2qtf0v2sja68alqd\gradle-4.10.1\lib\gradle-launcher-4.10.1.jar
Launcher Type: SUN_STANDARD

Environment Variables:
PATH=C:\Windows\system32;C:\Windows;C:\Windows\System32\Wbem;C:\Windows\System32\WindowsPowerShell\v1.0\;C:\Windows\System32\OpenSSH\;C:\Program Files\Git\cmd;C:\Users\DeLL\AppData\Local\Microsoft\WindowsApps;
USERNAME=DeLL
OS=Windows_NT
PROCESSOR_IDENTIFIER=Intel64 Family 6 Model 61 Stepping 4, GenuineIntel



---------------  S Y S T E M  ---------------

OS: Windows 10.0 , 64 bit Build 17763 (10.0.17763.379)

CPU:total 4 (initial active 4) (2 cores per cpu, 2 threads per core) family 6 model 61 stepping 4, cmov, cx8, fxsr, mmx, sse, sse2, sse3, ssse3, sse4.1, sse4.2, popcnt, avx, avx2, aes, clmul, erms, rtm, 3dnowpref, lzcnt, ht, tsc, tscinvbit, bmi1, bmi2, adx

Memory: 4k page, physical 8257880k(311084k free), swap 16507476k(5552k free)

vm_info: OpenJDK 64-Bit Server VM (25.152-b01) for windows-amd64 JRE (1.8.0_152-release-1248-b01), built by "builder" with MS VC++ 10.0 (VS2010)

time: Thu Mar 28 13:45:29 2019
elapsed time: 308 seconds (0d 0h 5m 8s)

